[0421/201744.329:ERROR:process_reader_win.cc(151)] SuspendThread: Access is denied. (0x5)
[0507/153422.675:ERROR:process_memory_win.cc(73)] ReadMemory at 0x230801d38c0 of 72 bytes failed: Only part of a ReadProcessMemory or WriteProcessMemory request was completed. (0x12B)
[0507/153422.676:WARNING:pe_image_annotations_reader.cc(134)] could not read annotations list object in C:\Program Files (x86)\Google\Chrome\Application\81.0.4044.138\chrome_elf.dll
[0507/153422.676:ERROR:process_memory_win.cc(73)] ReadMemory at 0x23080716590 of 72 bytes failed: Only part of a ReadProcessMemory or WriteProcessMemory request was completed. (0x12B)
[0507/153422.676:WARNING:pe_image_annotations_reader.cc(134)] could not read annotations list object in C:\Program Files (x86)\Google\Chrome\Application\81.0.4044.138\chrome.dll
[0507/153422.680:ERROR:process_memory_win.cc(73)] ReadMemory at 0x230801d38c0 of 72 bytes failed: Only part of a ReadProcessMemory or WriteProcessMemory request was completed. (0x12B)
[0507/153422.680:WARNING:pe_image_annotations_reader.cc(134)] could not read annotations list object in C:\Program Files (x86)\Google\Chrome\Application\81.0.4044.138\chrome_elf.dll
[0507/153422.680:ERROR:process_memory_win.cc(73)] ReadMemory at 0x23080716590 of 72 bytes failed: Only part of a ReadProcessMemory or WriteProcessMemory request was completed. (0x12B)
[0507/153422.680:WARNING:pe_image_annotations_reader.cc(134)] could not read annotations list object in C:\Program Files (x86)\Google\Chrome\Application\81.0.4044.138\chrome.dll
[0507/153422.681:ERROR:process_memory_win.cc(73)] ReadMemory at 0x230801d38c0 of 72 bytes failed: Only part of a ReadProcessMemory or WriteProcessMemory request was completed. (0x12B)
[0507/153422.681:WARNING:pe_image_annotations_reader.cc(134)] could not read annotations list object in C:\Program Files (x86)\Google\Chrome\Application\81.0.4044.138\chrome_elf.dll
[0507/153422.681:ERROR:process_memory_win.cc(73)] ReadMemory at 0x23080716590 of 72 bytes failed: Only part of a ReadProcessMemory or WriteProcessMemory request was completed. (0x12B)
[0507/153422.681:WARNING:pe_image_annotations_reader.cc(134)] could not read annotations list object in C:\Program Files (x86)\Google\Chrome\Application\81.0.4044.138\chrome.dll
[0507/153422.687:ERROR:process_memory_win.cc(73)] ReadMemory at 0x3bd8bdf000 of 135168 bytes failed: Only part of a ReadProcessMemory or WriteProcessMemory request was completed. (0x12B)
[0507/153422.687:ERROR:process_memory_win.cc(73)] ReadMemory at 0x3bd93fd000 of 12288 bytes failed: Only part of a ReadProcessMemory or WriteProcessMemory request was completed. (0x12B)
[0507/153422.687:ERROR:process_memory_win.cc(73)] ReadMemory at 0x3bd9bf6000 of 40960 bytes failed: Only part of a ReadProcessMemory or WriteProcessMemory request was completed. (0x12B)
[0507/153422.687:ERROR:process_memory_win.cc(73)] ReadMemory at 0x3bda3fc000 of 16384 bytes failed: Only part of a ReadProcessMemory or WriteProcessMemory request was completed. (0x12B)
[0507/153422.687:ERROR:process_memory_win.cc(73)] ReadMemory at 0x3bdabfc000 of 16384 bytes failed: Only part of a ReadProcessMemory or WriteProcessMemory request was completed. (0x12B)
[0507/153422.687:ERROR:process_memory_win.cc(73)] ReadMemory at 0x3bdb3fe000 of 8192 bytes failed: Only part of a ReadProcessMemory or WriteProcessMemory request was completed. (0x12B)
[0507/153422.687:ERROR:process_memory_win.cc(73)] ReadMemory at 0x3bdbbfd000 of 12288 bytes failed: Only part of a ReadProcessMemory or WriteProcessMemory request was completed. (0x12B)
[0507/153422.687:ERROR:process_memory_win.cc(73)] ReadMemory at 0x3bdc3fb000 of 20480 bytes failed: Only part of a ReadProcessMemory or WriteProcessMemory request was completed. (0x12B)
[0507/153422.688:ERROR:process_memory_win.cc(73)] ReadMemory at 0x3bdcbfd000 of 12288 bytes failed: Only part of a ReadProcessMemory or WriteProcessMemory request was completed. (0x12B)
[0507/153422.688:ERROR:process_memory_win.cc(73)] ReadMemory at 0x3bdd3f6000 of 40960 bytes failed: Only part of a ReadProcessMemory or WriteProcessMemory request was completed. (0x12B)
[0507/153422.688:ERROR:process_memory_win.cc(73)] ReadMemory at 0x3bddbf5000 of 45056 bytes failed: Only part of a ReadProcessMemory or WriteProcessMemory request was completed. (0x12B)
[0507/153422.688:ERROR:process_memory_win.cc(73)] ReadMemory at 0x3bde3fd000 of 12288 bytes failed: Only part of a ReadProcessMemory or WriteProcessMemory request was completed. (0x12B)
[0507/153422.688:ERROR:process_memory_win.cc(73)] ReadMemory at 0x3bdebfd000 of 12288 bytes failed: Only part of a ReadProcessMemory or WriteProcessMemory request was completed. (0x12B)
[0507/153422.688:ERROR:process_memory_win.cc(73)] ReadMemory at 0x3bdf3f4000 of 49152 bytes failed: Only part of a ReadProcessMemory or WriteProcessMemory request was completed. (0x12B)
[0507/153422.688:ERROR:process_memory_win.cc(73)] ReadMemory at 0x3bdfbf6000 of 40960 bytes failed: Only part of a ReadProcessMemory or WriteProcessMemory request was completed. (0x12B)
[0507/153422.688:ERROR:process_memory_win.cc(73)] ReadMemory at 0x3be03fd000 of 12288 bytes failed: Only part of a ReadProcessMemory or WriteProcessMemory request was completed. (0x12B)
[0507/153422.688:ERROR:process_memory_win.cc(73)] ReadMemory at 0x3bd835d000 of 852 bytes failed: Only part of a ReadProcessMemory or WriteProcessMemory request was completed. (0x12B)
[0507/153422.688:ERROR:process_memory_win.cc(73)] ReadMemory at 0x3bd835e000 of 6024 bytes failed: Only part of a ReadProcessMemory or WriteProcessMemory request was completed. (0x12B)
[0507/153422.688:ERROR:process_memory_win.cc(73)] ReadMemory at 0x3bd8360000 of 6024 bytes failed: Only part of a ReadProcessMemory or WriteProcessMemory request was completed. (0x12B)
[0507/153422.688:ERROR:process_memory_win.cc(73)] ReadMemory at 0x3bd8362000 of 6024 bytes failed: Only part of a ReadProcessMemory or WriteProcessMemory request was completed. (0x12B)
[0507/153422.688:ERROR:process_memory_win.cc(73)] ReadMemory at 0x3bd8364000 of 6024 bytes failed: Only part of a ReadProcessMemory or WriteProcessMemory request was completed. (0x12B)
[0507/153422.688:ERROR:process_memory_win.cc(73)] ReadMemory at 0x3bd8366000 of 6024 bytes failed: Only part of a ReadProcessMemory or WriteProcessMemory request was completed. (0x12B)
[0507/153422.688:ERROR:process_memory_win.cc(73)] ReadMemory at 0x3bd8368000 of 6024 bytes failed: Only part of a ReadProcessMemory or WriteProcessMemory request was completed. (0x12B)
[0507/153422.688:ERROR:process_memory_win.cc(73)] ReadMemory at 0x3bd836a000 of 6024 bytes failed: Only part of a ReadProcessMemory or WriteProcessMemory request was completed. (0x12B)
[0507/153422.688:ERROR:process_memory_win.cc(73)] ReadMemory at 0x3bd836c000 of 6024 bytes failed: Only part of a ReadProcessMemory or WriteProcessMemory request was completed. (0x12B)
[0507/153422.688:ERROR:process_memory_win.cc(73)] ReadMemory at 0x3bd836e000 of 6024 bytes failed: Only part of a ReadProcessMemory or WriteProcessMemory request was completed. (0x12B)
[0507/153422.688:ERROR:process_memory_win.cc(73)] ReadMemory at 0x3bd8370000 of 6024 bytes failed: Only part of a ReadProcessMemory or WriteProcessMemory request was completed. (0x12B)
[0507/153422.688:ERROR:process_memory_win.cc(73)] ReadMemory at 0x3bd8372000 of 6024 bytes failed: Only part of a ReadProcessMemory or WriteProcessMemory request was completed. (0x12B)
[0507/153422.688:ERROR:process_memory_win.cc(73)] ReadMemory at 0x3bd8374000 of 6024 bytes failed: Only part of a ReadProcessMemory or WriteProcessMemory request was completed. (0x12B)
[0507/153422.689:ERROR:process_memory_win.cc(73)] ReadMemory at 0x3bd8376000 of 6024 bytes failed: Only part of a ReadProcessMemory or WriteProcessMemory request was completed. (0x12B)
[0507/153422.689:ERROR:process_memory_win.cc(73)] ReadMemory at 0x3bd8378000 of 6024 bytes failed: Only part of a ReadProcessMemory or WriteProcessMemory request was completed. (0x12B)
[0507/153422.689:ERROR:process_memory_win.cc(73)] ReadMemory at 0x3bd837a000 of 6024 bytes failed: Only part of a ReadProcessMemory or WriteProcessMemory request was completed. (0x12B)
[0507/153422.689:ERROR:process_memory_win.cc(73)] ReadMemory at 0x3bd837c000 of 6024 bytes failed: Only part of a ReadProcessMemory or WriteProcessMemory request was completed. (0x12B)
[0507/153422.689:ERROR:process_memory_win.cc(73)] ReadMemory at 0x230801f1240 of 512 bytes failed: Only part of a ReadProcessMemory or WriteProcessMemory request was completed. (0x12B)
[0507/153422.689:ERROR:process_memory_win.cc(73)] ReadMemory at 0x23080330000 of 384 bytes failed: Only part of a ReadProcessMemory or WriteProcessMemory request was completed. (0x12B)
[0507/153422.689:ERROR:process_memory_win.cc(73)] ReadMemory at 0x23080750f90 of 512 bytes failed: Only part of a ReadProcessMemory or WriteProcessMemory request was completed. (0x12B)
[0507/153422.689:ERROR:process_memory_win.cc(73)] ReadMemory at 0x23080751530 of 512 bytes failed: Only part of a ReadProcessMemory or WriteProcessMemory request was completed. (0x12B)
[0507/153422.689:ERROR:process_memory_win.cc(73)] ReadMemory at 0x2308075bf60 of 712 bytes failed: Only part of a ReadProcessMemory or WriteProcessMemory request was completed. (0x12B)
[0507/153422.689:ERROR:process_memory_win.cc(73)] ReadMemory at 0x23080760290 of 512 bytes failed: Only part of a ReadProcessMemory or WriteProcessMemory request was completed. (0x12B)
[0507/153422.689:ERROR:process_memory_win.cc(73)] ReadMemory at 0x23080802450 of 512 bytes failed: Only part of a ReadProcessMemory or WriteProcessMemory request was completed. (0x12B)
[0507/153422.689:ERROR:process_memory_win.cc(73)] ReadMemory at 0x23080807c00 of 512 bytes failed: Only part of a ReadProcessMemory or WriteProcessMemory request was completed. (0x12B)
[0507/153422.689:ERROR:process_memory_win.cc(73)] ReadMemory at 0x23081d40000 of 384 bytes failed: Only part of a ReadProcessMemory or WriteProcessMemory request was completed. (0x12B)
[0507/153422.689:ERROR:process_memory_win.cc(73)] ReadMemory at 0x23081d5fce0 of 512 bytes failed: Only part of a ReadProcessMemory or WriteProcessMemory request was completed. (0x12B)
[0507/153422.689:ERROR:process_memory_win.cc(73)] ReadMemory at 0x23081d63b10 of 512 bytes failed: Only part of a ReadProcessMemory or WriteProcessMemory request was completed. (0x12B)
[0507/153422.689:ERROR:process_memory_win.cc(73)] ReadMemory at 0x23081e85250 of 512 bytes failed: Only part of a ReadProcessMemory or WriteProcessMemory request was completed. (0x12B)
[0507/153422.689:ERROR:process_memory_win.cc(73)] ReadMemory at 0x230823dc040 of 512 bytes failed: Only part of a ReadProcessMemory or WriteProcessMemory request was completed. (0x12B)
[0507/153422.689:ERROR:process_memory_win.cc(73)] ReadMemory at 0x230825258a2 of 512 bytes failed: Only part of a ReadProcessMemory or WriteProcessMemory request was completed. (0x12B)
[0507/153422.689:ERROR:process_memory_win.cc(73)] ReadMemory at 0x23082ecf028 of 512 bytes failed: Only part of a ReadProcessMemory or WriteProcessMemory request was completed. (0x12B)
[0507/153422.689:ERROR:process_memory_win.cc(73)] ReadMemory at 0x2308358bab0 of 512 bytes failed: Only part of a ReadProcessMemory or WriteProcessMemory request was completed. (0x12B)
[0507/153422.689:ERROR:process_memory_win.cc(73)] ReadMemory at 0x23083704f30 of 512 bytes failed: Only part of a ReadProcessMemory or WriteProcessMemory request was completed. (0x12B)
[0507/153422.689:ERROR:process_memory_win.cc(73)] ReadMemory at 0x23083705ec8 of 512 bytes failed: Only part of a ReadProcessMemory or WriteProcessMemory request was completed. (0x12B)
[0507/153422.690:ERROR:process_memory_win.cc(73)] ReadMemory at 0x230859aff80 of 512 bytes failed: Only part of a ReadProcessMemory or WriteProcessMemory request was completed. (0x12B)
[0507/153422.690:ERROR:process_memory_win.cc(73)] ReadMemory at 0x230859b03e0 of 512 bytes failed: Only part of a ReadProcessMemory or WriteProcessMemory request was completed. (0x12B)
[0507/153422.690:ERROR:process_memory_win.cc(73)] ReadMemory at 0x230f9420fe0 of 5510 bytes failed: Only part of a ReadProcessMemory or WriteProcessMemory request was completed. (0x12B)
[0507/153422.690:ERROR:process_memory_win.cc(73)] ReadMemory at 0x230f9422570 of 1012 bytes failed: Only part of a ReadProcessMemory or WriteProcessMemory request was completed. (0x12B)
[0507/153422.690:ERROR:process_memory_win.cc(73)] ReadMemory at 0x230f9422b98 of 118 bytes failed: Only part of a ReadProcessMemory or WriteProcessMemory request was completed. (0x12B)
[0507/153422.690:ERROR:process_memory_win.cc(73)] ReadMemory at 0x230f9422c10 of 1450 bytes failed: Only part of a ReadProcessMemory or WriteProcessMemory request was completed. (0x12B)
[0507/153422.690:ERROR:process_memory_win.cc(73)] ReadMemory at 0x230f94231bc of 118 bytes failed: Only part of a ReadProcessMemory or WriteProcessMemory request was completed. (0x12B)
[0507/153422.690:ERROR:process_memory_win.cc(73)] ReadMemory at 0x230f9423234 of 96 bytes failed: Only part of a ReadProcessMemory or WriteProcessMemory request was completed. (0x12B)
[0507/153422.690:ERROR:process_memory_win.cc(73)] ReadMemory at 0x230f94232a0 of 58 bytes failed: Only part of a ReadProcessMemory or WriteProcessMemory request was completed. (0x12B)
[0507/153422.690:ERROR:process_memory_win.cc(73)] ReadMemory at 0x230f94233a0 of 132 bytes failed: Only part of a ReadProcessMemory or WriteProcessMemory request was completed. (0x12B)
[0507/153422.690:ERROR:process_memory_win.cc(73)] ReadMemory at 0x230f9423530 of 132 bytes failed: Only part of a ReadProcessMemory or WriteProcessMemory request was completed. (0x12B)
[0507/153422.690:ERROR:process_memory_win.cc(73)] ReadMemory at 0x230f94236f0 of 126 bytes failed: Only part of a ReadProcessMemory or WriteProcessMemory request was completed. (0x12B)
[0507/153422.690:ERROR:process_memory_win.cc(73)] ReadMemory at 0x230f9423ad0 of 132 bytes failed: Only part of a ReadProcessMemory or WriteProcessMemory request was completed. (0x12B)
[0507/153422.690:ERROR:process_memory_win.cc(73)] ReadMemory at 0x230f9423c60 of 64 bytes failed: Only part of a ReadProcessMemory or WriteProcessMemory request was completed. (0x12B)
[0507/153422.690:ERROR:process_memory_win.cc(73)] ReadMemory at 0x230f9423cb0 of 132 bytes failed: Only part of a ReadProcessMemory or WriteProcessMemory request was completed. (0x12B)
[0507/153422.690:ERROR:process_memory_win.cc(73)] ReadMemory at 0x230f9423e20 of 132 bytes failed: Only part of a ReadProcessMemory or WriteProcessMemory request was completed. (0x12B)
[0507/153422.690:ERROR:process_memory_win.cc(73)] ReadMemory at 0x230f94240c0 of 132 bytes failed: Only part of a ReadProcessMemory or WriteProcessMemory request was completed. (0x12B)
[0507/153422.690:ERROR:process_memory_win.cc(73)] ReadMemory at 0x230f9424250 of 68 bytes failed: Only part of a ReadProcessMemory or WriteProcessMemory request was completed. (0x12B)
[0507/153422.690:ERROR:process_memory_win.cc(73)] ReadMemory at 0x230f9425280 of 146 bytes failed: Only part of a ReadProcessMemory or WriteProcessMemory request was completed. (0x12B)
[0507/153422.690:ERROR:process_memory_win.cc(73)] ReadMemory at 0x230f9425360 of 132 bytes failed: Only part of a ReadProcessMemory or WriteProcessMemory request was completed. (0x12B)
[0507/153422.690:ERROR:process_memory_win.cc(73)] ReadMemory at 0x230f94254f0 of 154 bytes failed: Only part of a ReadProcessMemory or WriteProcessMemory request was completed. (0x12B)
[0507/153422.690:ERROR:process_memory_win.cc(73)] ReadMemory at 0x230f94262e0 of 62 bytes failed: Only part of a ReadProcessMemory or WriteProcessMemory request was completed. (0x12B)
[0507/153422.690:ERROR:process_memory_win.cc(73)] ReadMemory at 0x230f94264d0 of 132 bytes failed: Only part of a ReadProcessMemory or WriteProcessMemory request was completed. (0x12B)
[0507/153422.690:ERROR:process_memory_win.cc(73)] ReadMemory at 0x230f9426b60 of 60 bytes failed: Only part of a ReadProcessMemory or WriteProcessMemory request was completed. (0x12B)
[0507/153422.691:ERROR:process_memory_win.cc(73)] ReadMemory at 0x230f94285b0 of 132 bytes failed: Only part of a ReadProcessMemory or WriteProcessMemory request was completed. (0x12B)
[0507/153422.691:ERROR:process_memory_win.cc(73)] ReadMemory at 0x230f94287c0 of 132 bytes failed: Only part of a ReadProcessMemory or WriteProcessMemory request was completed. (0x12B)
[0507/153422.691:ERROR:process_memory_win.cc(73)] ReadMemory at 0x230f942b510 of 132 bytes failed: Only part of a ReadProcessMemory or WriteProcessMemory request was completed. (0x12B)
[0507/153422.691:ERROR:process_memory_win.cc(73)] ReadMemory at 0x230f942b640 of 132 bytes failed: Only part of a ReadProcessMemory or WriteProcessMemory request was completed. (0x12B)
[0507/153422.691:ERROR:process_memory_win.cc(73)] ReadMemory at 0x230f942b7d0 of 80 bytes failed: Only part of a ReadProcessMemory or WriteProcessMemory request was completed. (0x12B)
[0507/153422.691:ERROR:process_memory_win.cc(73)] ReadMemory at 0x230f942b970 of 64 bytes failed: Only part of a ReadProcessMemory or WriteProcessMemory request was completed. (0x12B)
[0507/153422.691:ERROR:process_memory_win.cc(73)] ReadMemory at 0x230f942b9c0 of 62 bytes failed: Only part of a ReadProcessMemory or WriteProcessMemory request was completed. (0x12B)
[0507/153422.691:ERROR:process_memory_win.cc(73)] ReadMemory at 0x230f942ba10 of 64 bytes failed: Only part of a ReadProcessMemory or WriteProcessMemory request was completed. (0x12B)
[0507/153422.691:ERROR:process_memory_win.cc(73)] ReadMemory at 0x230f942bba0 of 60 bytes failed: Only part of a ReadProcessMemory or WriteProcessMemory request was completed. (0x12B)
[0507/153422.691:ERROR:process_memory_win.cc(73)] ReadMemory at 0x230f942bc40 of 62 bytes failed: Only part of a ReadProcessMemory or WriteProcessMemory request was completed. (0x12B)
[0507/153422.691:ERROR:process_memory_win.cc(73)] ReadMemory at 0x230f942bc90 of 60 bytes failed: Only part of a ReadProcessMemory or WriteProcessMemory request was completed. (0x12B)
[0507/153422.691:ERROR:process_memory_win.cc(73)] ReadMemory at 0x230f942bdd0 of 64 bytes failed: Only part of a ReadProcessMemory or WriteProcessMemory request was completed. (0x12B)
[0507/153422.691:ERROR:process_memory_win.cc(73)] ReadMemory at 0x230f942be70 of 64 bytes failed: Only part of a ReadProcessMemory or WriteProcessMemory request was completed. (0x12B)
[0507/153422.691:ERROR:process_memory_win.cc(73)] ReadMemory at 0x230f942bec0 of 66 bytes failed: Only part of a ReadProcessMemory or WriteProcessMemory request was completed. (0x12B)
[0507/153422.691:ERROR:process_memory_win.cc(73)] ReadMemory at 0x230f942c580 of 132 bytes failed: Only part of a ReadProcessMemory or WriteProcessMemory request was completed. (0x12B)
[0507/153422.691:ERROR:process_memory_win.cc(73)] ReadMemory at 0x230f942c6b0 of 132 bytes failed: Only part of a ReadProcessMemory or WriteProcessMemory request was completed. (0x12B)
[0507/153422.691:ERROR:process_memory_win.cc(73)] ReadMemory at 0x230f942c7e0 of 132 bytes failed: Only part of a ReadProcessMemory or WriteProcessMemory request was completed. (0x12B)
[0507/153422.691:ERROR:process_memory_win.cc(73)] ReadMemory at 0x230f942c910 of 132 bytes failed: Only part of a ReadProcessMemory or WriteProcessMemory request was completed. (0x12B)
[0507/153422.691:ERROR:process_memory_win.cc(73)] ReadMemory at 0x230f942ca40 of 132 bytes failed: Only part of a ReadProcessMemory or WriteProcessMemory request was completed. (0x12B)
[0507/153422.691:ERROR:process_memory_win.cc(73)] ReadMemory at 0x230f942cb70 of 132 bytes failed: Only part of a ReadProcessMemory or WriteProcessMemory request was completed. (0x12B)
[0507/153422.691:ERROR:process_memory_win.cc(73)] ReadMemory at 0x230f942cca0 of 132 bytes failed: Only part of a ReadProcessMemory or WriteProcessMemory request was completed. (0x12B)
[0507/153422.691:ERROR:process_memory_win.cc(73)] ReadMemory at 0x230f942cdd0 of 132 bytes failed: Only part of a ReadProcessMemory or WriteProcessMemory request was completed. (0x12B)
[0507/153422.691:ERROR:process_memory_win.cc(73)] ReadMemory at 0x230f942cf00 of 132 bytes failed: Only part of a ReadProcessMemory or WriteProcessMemory request was completed. (0x12B)
[0507/153422.691:ERROR:process_memory_win.cc(73)] ReadMemory at 0x230f942d030 of 132 bytes failed: Only part of a ReadProcessMemory or WriteProcessMemory request was completed. (0x12B)
[0507/153422.691:ERROR:process_memory_win.cc(73)] ReadMemory at 0x230f942d160 of 132 bytes failed: Only part of a ReadProcessMemory or WriteProcessMemory request was completed. (0x12B)
[0507/153422.691:ERROR:process_memory_win.cc(73)] ReadMemory at 0x230f942d3c0 of 132 bytes failed: Only part of a ReadProcessMemory or WriteProcessMemory request was completed. (0x12B)
[0507/153422.692:ERROR:process_memory_win.cc(73)] ReadMemory at 0x230f942f3b0 of 54 bytes failed: Only part of a ReadProcessMemory or WriteProcessMemory request was completed. (0x12B)
[0507/153422.692:ERROR:process_memory_win.cc(73)] ReadMemory at 0x230f9430f30 of 132 bytes failed: Only part of a ReadProcessMemory or WriteProcessMemory request was completed. (0x12B)
[0507/153422.692:ERROR:process_memory_win.cc(73)] ReadMemory at 0x230f9431150 of 132 bytes failed: Only part of a ReadProcessMemory or WriteProcessMemory request was completed. (0x12B)
[0507/153422.692:ERROR:process_memory_win.cc(73)] ReadMemory at 0x230f9431730 of 132 bytes failed: Only part of a ReadProcessMemory or WriteProcessMemory request was completed. (0x12B)
[0507/153422.692:ERROR:process_memory_win.cc(73)] ReadMemory at 0x230f9432a70 of 132 bytes failed: Only part of a ReadProcessMemory or WriteProcessMemory request was completed. (0x12B)
[0507/153422.692:ERROR:process_memory_win.cc(73)] ReadMemory at 0x230f9432ba0 of 132 bytes failed: Only part of a ReadProcessMemory or WriteProcessMemory request was completed. (0x12B)
[0507/153422.692:ERROR:process_memory_win.cc(73)] ReadMemory at 0x230f94365f0 of 76 bytes failed: Only part of a ReadProcessMemory or WriteProcessMemory request was completed. (0x12B)
[0507/153422.692:ERROR:process_memory_win.cc(73)] ReadMemory at 0x230f9436a10 of 80 bytes failed: Only part of a ReadProcessMemory or WriteProcessMemory request was completed. (0x12B)
[0507/153422.692:ERROR:process_memory_win.cc(73)] ReadMemory at 0x230f9437100 of 62 bytes failed: Only part of a ReadProcessMemory or WriteProcessMemory request was completed. (0x12B)
[0507/153422.692:ERROR:process_memory_win.cc(73)] ReadMemory at 0x230f94371f0 of 62 bytes failed: Only part of a ReadProcessMemory or WriteProcessMemory request was completed. (0x12B)
[0507/153422.692:ERROR:process_memory_win.cc(73)] ReadMemory at 0x230f9437240 of 66 bytes failed: Only part of a ReadProcessMemory or WriteProcessMemory request was completed. (0x12B)
[0507/153422.692:ERROR:process_memory_win.cc(73)] ReadMemory at 0x230f9437420 of 68 bytes failed: Only part of a ReadProcessMemory or WriteProcessMemory request was completed. (0x12B)
[0507/153422.692:ERROR:process_memory_win.cc(73)] ReadMemory at 0x230f9437600 of 64 bytes failed: Only part of a ReadProcessMemory or WriteProcessMemory request was completed. (0x12B)
[0507/153422.692:ERROR:process_memory_win.cc(73)] ReadMemory at 0x230f9437650 of 62 bytes failed: Only part of a ReadProcessMemory or WriteProcessMemory request was completed. (0x12B)
[0507/153422.692:ERROR:process_memory_win.cc(73)] ReadMemory at 0x230f9437830 of 60 bytes failed: Only part of a ReadProcessMemory or WriteProcessMemory request was completed. (0x12B)
[0507/153422.692:ERROR:process_memory_win.cc(73)] ReadMemory at 0x230f9437880 of 62 bytes failed: Only part of a ReadProcessMemory or WriteProcessMemory request was completed. (0x12B)
[0507/153422.692:ERROR:process_memory_win.cc(73)] ReadMemory at 0x230f94378d0 of 62 bytes failed: Only part of a ReadProcessMemory or WriteProcessMemory request was completed. (0x12B)
[0507/153422.692:ERROR:process_memory_win.cc(73)] ReadMemory at 0x230f9437920 of 60 bytes failed: Only part of a ReadProcessMemory or WriteProcessMemory request was completed. (0x12B)
[0507/153422.692:ERROR:process_memory_win.cc(73)] ReadMemory at 0x230f9437970 of 64 bytes failed: Only part of a ReadProcessMemory or WriteProcessMemory request was completed. (0x12B)
[0507/153422.692:ERROR:process_memory_win.cc(73)] ReadMemory at 0x230f9437b50 of 58 bytes failed: Only part of a ReadProcessMemory or WriteProcessMemory request was completed. (0x12B)
[0507/153422.692:ERROR:process_memory_win.cc(73)] ReadMemory at 0x230f9437bf0 of 64 bytes failed: Only part of a ReadProcessMemory or WriteProcessMemory request was completed. (0x12B)
[0507/153422.692:ERROR:process_memory_win.cc(73)] ReadMemory at 0x230f9437c90 of 62 bytes failed: Only part of a ReadProcessMemory or WriteProcessMemory request was completed. (0x12B)
[0507/153422.692:ERROR:process_memory_win.cc(73)] ReadMemory at 0x230f9437d30 of 62 bytes failed: Only part of a ReadProcessMemory or WriteProcessMemory request was completed. (0x12B)
[0507/153422.692:ERROR:process_memory_win.cc(73)] ReadMemory at 0x230f9437d80 of 62 bytes failed: Only part of a ReadProcessMemory or WriteProcessMemory request was completed. (0x12B)
[0507/153422.693:ERROR:process_memory_win.cc(73)] ReadMemory at 0x230f9437dd0 of 60 bytes failed: Only part of a ReadProcessMemory or WriteProcessMemory request was completed. (0x12B)
[0507/153422.693:ERROR:process_memory_win.cc(73)] ReadMemory at 0x230f9437e20 of 64 bytes failed: Only part of a ReadProcessMemory or WriteProcessMemory request was completed. (0x12B)
[0507/153422.693:ERROR:process_memory_win.cc(73)] ReadMemory at 0x230f9437ec0 of 60 bytes failed: Only part of a ReadProcessMemory or WriteProcessMemory request was completed. (0x12B)
[0507/153422.693:ERROR:process_memory_win.cc(73)] ReadMemory at 0x230f9438070 of 132 bytes failed: Only part of a ReadProcessMemory or WriteProcessMemory request was completed. (0x12B)
[0507/153422.693:ERROR:process_memory_win.cc(73)] ReadMemory at 0x230f9438530 of 132 bytes failed: Only part of a ReadProcessMemory or WriteProcessMemory request was completed. (0x12B)
[0507/153422.693:ERROR:process_memory_win.cc(73)] ReadMemory at 0x230f9438b20 of 132 bytes failed: Only part of a ReadProcessMemory or WriteProcessMemory request was completed. (0x12B)
[0507/153422.693:ERROR:process_memory_win.cc(73)] ReadMemory at 0x230f9439110 of 132 bytes failed: Only part of a ReadProcessMemory or WriteProcessMemory request was completed. (0x12B)
[0507/153422.693:ERROR:process_memory_win.cc(73)] ReadMemory at 0x230f9439240 of 132 bytes failed: Only part of a ReadProcessMemory or WriteProcessMemory request was completed. (0x12B)
[0507/153422.693:ERROR:process_memory_win.cc(73)] ReadMemory at 0x230f9439370 of 132 bytes failed: Only part of a ReadProcessMemory or WriteProcessMemory request was completed. (0x12B)
[0507/153422.693:ERROR:process_memory_win.cc(73)] ReadMemory at 0x230f9439700 of 132 bytes failed: Only part of a ReadProcessMemory or WriteProcessMemory request was completed. (0x12B)
[0507/153422.693:ERROR:process_memory_win.cc(73)] ReadMemory at 0x230f9439830 of 132 bytes failed: Only part of a ReadProcessMemory or WriteProcessMemory request was completed. (0x12B)
[0507/153422.693:ERROR:process_memory_win.cc(73)] ReadMemory at 0x230f9439a90 of 132 bytes failed: Only part of a ReadProcessMemory or WriteProcessMemory request was completed. (0x12B)
[0507/153422.693:ERROR:process_memory_win.cc(73)] ReadMemory at 0x230f9439bc0 of 132 bytes failed: Only part of a ReadProcessMemory or WriteProcessMemory request was completed. (0x12B)
[0507/153422.693:ERROR:process_memory_win.cc(73)] ReadMemory at 0x230f9439e20 of 132 bytes failed: Only part of a ReadProcessMemory or WriteProcessMemory request was completed. (0x12B)
[0507/153422.693:ERROR:process_memory_win.cc(73)] ReadMemory at 0x230f944cbc0 of 512 bytes failed: Only part of a ReadProcessMemory or WriteProcessMemory request was completed. (0x12B)
[0507/153422.693:ERROR:process_memory_win.cc(73)] ReadMemory at 0x230f94510e0 of 512 bytes failed: Only part of a ReadProcessMemory or WriteProcessMemory request was completed. (0x12B)
[0507/153422.693:ERROR:process_memory_win.cc(73)] ReadMemory at 0x301208040e6d of 512 bytes failed: Only part of a ReadProcessMemory or WriteProcessMemory request was completed. (0x12B)
[0507/153422.693:ERROR:process_memory_win.cc(73)] ReadMemory at 0x30120a90127c of 512 bytes failed: Only part of a ReadProcessMemory or WriteProcessMemory request was completed. (0x12B)
[0507/153422.693:ERROR:process_memory_win.cc(73)] ReadMemory at 0x45800ec61d80 of 544 bytes failed: Only part of a ReadProcessMemory or WriteProcessMemory request was completed. (0x12B)
[0507/153422.693:ERROR:process_memory_win.cc(73)] ReadMemory at 0x45800ed47881 of 512 bytes failed: Only part of a ReadProcessMemory or WriteProcessMemory request was completed. (0x12B)
[0507/153422.693:ERROR:process_memory_win.cc(73)] ReadMemory at 0x45800ee9ef80 of 512 bytes failed: Only part of a ReadProcessMemory or WriteProcessMemory request was completed. (0x12B)
[0507/153422.693:ERROR:process_memory_win.cc(73)] ReadMemory at 0x45800ee9f3e0 of 512 bytes failed: Only part of a ReadProcessMemory or WriteProcessMemory request was completed. (0x12B)
[0507/153422.693:ERROR:process_memory_win.cc(73)] ReadMemory at 0x7ffe5dd5cba4 of 512 bytes failed: Only part of a ReadProcessMemory or WriteProcessMemory request was completed. (0x12B)
[0507/153422.693:ERROR:process_memory_win.cc(73)] ReadMemory at 0x7ffe6038971c of 512 bytes failed: Only part of a ReadProcessMemory or WriteProcessMemory request was completed. (0x12B)
[0507/153422.693:ERROR:process_memory_win.cc(73)] ReadMemory at 0x7ffe6074ad80 of 512 bytes failed: Only part of a ReadProcessMemory or WriteProcessMemory request was completed. (0x12B)
[0507/153422.693:ERROR:process_memory_win.cc(73)] ReadMemory at 0x7ffe6406845e of 512 bytes failed: Only part of a ReadProcessMemory or WriteProcessMemory request was completed. (0x12B)
[0507/153422.694:ERROR:process_memory_win.cc(73)] ReadMemory at 0x7ffe6474b9f5 of 512 bytes failed: Only part of a ReadProcessMemory or WriteProcessMemory request was completed. (0x12B)
[0507/153422.694:ERROR:scoped_process_suspend.cc(40)] NtResumeProcess: An attempt was made to access an exiting process. (0xc000010a)
